<?xml version="1.0" encoding="UTF-8"?>
<testng-results ignored="0" total="1" passed="1" failed="0" skipped="0">
  <reporter-output>
  </reporter-output>
  <suite started-at="2024-02-23T20:30:47 IST" name="Default suite" finished-at="2024-02-23T20:30:55 IST" duration-ms="8672">
    <groups>
    </groups>
    <test started-at="2024-02-23T20:30:47 IST" name="Default test" finished-at="2024-02-23T20:30:55 IST" duration-ms="8672">
      <class name="parameter_annotation.FB_sign_up">
        <test-method signature="facebook()[pri:0, instance:parameter_annotation.FB_sign_up@3427b02d]" started-at="2024-02-23T20:30:47 IST" name="facebook" finished-at="2024-02-23T20:30:55 IST" duration-ms="8546" status="PASS">
          <reporter-output>
          </reporter-output>
        </test-method> <!-- facebook -->
      </class> <!-- parameter_annotation.FB_sign_up -->
    </test> <!-- Default test -->
  </suite> <!-- Default suite -->
</testng-results>
